<APIProxy revision="1" name="test-issue482">
  <ConfigurationVersion minorVersion="0" majorVersion="4"/>
  <DisplayName>test-issue482</DisplayName>
</APIProxy>
